<?xml version="1.0" encoding="UTF-8"?>
<testsuites name="jest tests" tests="10" failures="0" time="17.135">
  <testsuite name="&lt;Main /&gt;" errors="0" failures="0" skipped="0" timestamp="2020-02-03T23:29:24" time="3.476" tests="1">
    <testcase classname="" name="&lt;Main /&gt; should render correctly" time="0.009">
    </testcase>
  </testsuite>
  <testsuite name="GymUtils" errors="0" failures="0" skipped="0" timestamp="2020-02-03T23:29:28" time="0.303" tests="3">
    <testcase classname="" name="GymUtils get whether user is authorized." time="0">
    </testcase>
    <testcase classname="" name="GymUtils get the wall by id" time="0.001">
    </testcase>
    <testcase classname="" name="GymUtils get the route by id" time="0.001">
    </testcase>
  </testsuite>
  <testsuite name="&lt;ProfilePage /&gt; " errors="0" failures="0" skipped="0" timestamp="2020-02-03T23:29:24" time="4.292" tests="3">
    <testcase classname="" name="&lt;ProfilePage /&gt;  should render sign up form." time="0.024">
    </testcase>
    <testcase classname="" name="&lt;ProfilePage /&gt;  should render sign in form." time="0.396">
    </testcase>
    <testcase classname="" name="&lt;ProfilePage /&gt;  should render profile form." time="0.049">
    </testcase>
  </testsuite>
  <testsuite name="&lt;GymsPage /&gt;" errors="0" failures="0" skipped="0" timestamp="2020-02-03T23:29:24" time="4.559" tests="1">
    <testcase classname="" name="&lt;GymsPage /&gt; should render correctly" time="0.009">
    </testcase>
  </testsuite>
  <testsuite name="GradeUtils" errors="0" failures="0" skipped="0" timestamp="2020-02-03T23:29:28" time="0.164" tests="2">
    <testcase classname="" name="GradeUtils convert a grade to a string." time="0.002">
    </testcase>
    <testcase classname="" name="GradeUtils convert a string to a grade." time="0.001">
    </testcase>
  </testsuite>
</testsuites>